<?xml version="1.0" encoding="UTF-8"?>
<!-- Generated by org.testng.reporters.JUnitReportReporter -->
<testsuite hostname="DESKTOP-MTJFGG2" failures="0" tests="1" name="page_object.FB_loginTest" time="0.351" errors="0" timestamp="2023-02-17T14:54:01 IST" skipped="0">
  <testcase classname="page_object.FB_loginTest" name="login" time="0.351"/>
  <system-out/>
</testsuite> <!-- page_object.FB_loginTest -->
