<?xml version="1.0" encoding="UTF-8"?>
<!-- Generated by org.testng.reporters.JUnitReportReporter -->
<testsuite hostname="DESKTOP-MTJFGG2" failures="0" tests="1" name="selenium_project.FB_loginTest" time="0.410" errors="0" timestamp="2023-02-16T11:06:24 IST" skipped="0">
  <testcase classname="selenium_project.FB_loginTest" name="login" time="0.410"/>
  <system-out/>
</testsuite> <!-- selenium_project.FB_loginTest -->
