<?xml version="1.0" encoding="UTF-8"?>
<!-- Generated by org.testng.reporters.JUnitReportReporter -->
<testsuite hostname="DESKTOP-MTJFGG2" failures="0" tests="1" name="page_object.FB_login" time="0.172" errors="0" timestamp="2023-02-16T13:47:03 IST" skipped="0">
  <testcase classname="page_object.FB_login" name="login" time="0.172"/>
  <system-out/>
</testsuite> <!-- page_object.FB_login -->
