<?xml version="1.0" encoding="UTF-8"?>
<!-- Generated by org.testng.reporters.JUnitReportReporter -->
<testsuite hostname="DESKTOP-MTJFGG2" failures="0" tests="2" name="page_object.FB_loginTest" time="0.752" errors="0" timestamp="2023-02-17T11:00:52 IST" skipped="0">
  <testcase classname="page_object.FB_loginTest" name="login" time="0.365"/>
  <system-out/>
  <testcase classname="page_object.FB_loginTest" name="login" time="0.387"/>
  <system-out/>
</testsuite> <!-- page_object.FB_loginTest -->
